<?xml version="1.0" encoding="UTF-8"?>
<!-- Generated by org.testng.reporters.JUnitReportReporter -->
<testsuite hostname="DESKTOP-GGQ6OF8" failures="0" tests="1" name="com.facebook.testlayer.SignUpTest" time="48.116" errors="0" timestamp="2024-11-06T22:40:37 IST" skipped="0">
  <testcase classname="com.facebook.testlayer.SignUpTest" name="verifysignuptest" time="48.116"/>
  <system-out/>
</testsuite> <!-- com.facebook.testlayer.SignUpTest -->
